# JRE version: OpenJDK Runtime Environment Temurin-17.0.3+7 (17.0.3+7) (build 17.0.3+7)
# Java VM: OpenJDK 64-Bit Server VM Temurin-17.0.3+7 (17.0.3+7, mixed mode, emulated-client, tiered, compressed oops, compressed class ptrs, g1 gc, windows-amd64)
GC Precious Log:
 CPUs: 8 total, 8 available
 Memory: 19830M
 Large Page Support: Disabled
 NUMA Support: Disabled
 Compressed Oops: Enabled (Zero based)
 Heap Region Size: 4M
 Heap Min Capacity: 8M
 Heap Initial Capacity: 312M
 Heap Max Capacity: 4960M
 Pre-touch: Disabled
 Parallel Workers: 8
 Concurrent Workers: 2
 Concurrent Refinement Workers: 8
 Periodic GC: Disabled
Heap:
 garbage-first heap   total 995328K, used 212822K [0x00000006ca000000, 0x0000000800000000)
  region size 4096K, 14 young (57344K), 14 survivors (57344K)
 Metaspace       used 44344K, committed 44672K, reserved 1089536K
  class space    used 6033K, committed 6144K, reserved 1048576K
GC Heap History (20 events):
Event: 4.962 GC heap after
{Heap after GC invocations=13 (full 0):
 garbage-first heap   total 180224K, used 62592K [0x00000006ca000000, 0x0000000800000000)
  region size 4096K, 1 young (4096K), 1 survivors (4096K)
 Metaspace       used 37317K, committed 37632K, reserved 1081344K
  class space    used 4725K, committed 4864K, reserved 1048576K
}
Event: 4.980 GC heap before
{Heap before GC invocations=13 (full 0):
 garbage-first heap   total 180224K, used 115840K [0x00000006ca000000, 0x0000000800000000)
  region size 4096K, 15 young (61440K), 1 survivors (4096K)
 Metaspace       used 37373K, committed 37696K, reserved 1089536K
  class space    used 4731K, committed 4864K, reserved 1048576K
}
Event: 4.983 GC heap after
{Heap after GC invocations=14 (full 0):
 garbage-first heap   total 180224K, used 65847K [0x00000006ca000000, 0x0000000800000000)
  region size 4096K, 2 young (8192K), 2 survivors (8192K)
 Metaspace       used 37373K, committed 37696K, reserved 1089536K
  class space    used 4731K, committed 4864K, reserved 1048576K
}
Event: 5.033 GC heap before
{Heap before GC invocations=14 (full 0):
 garbage-first heap   total 180224K, used 123191K [0x00000006ca000000, 0x0000000800000000)
  region size 4096K, 17 young (69632K), 2 survivors (8192K)
 Metaspace       used 37447K, committed 37760K, reserved 1089536K
  class space    used 4737K, committed 4864K, reserved 1048576K
}
Event: 5.037 GC heap after
{Heap after GC invocations=15 (full 0):
 garbage-first heap   total 507904K, used 66593K [0x00000006ca000000, 0x0000000800000000)
  region size 4096K, 2 young (8192K), 2 survivors (8192K)
 Metaspace       used 37447K, committed 37760K, reserved 1089536K
  class space    used 4737K, committed 4864K, reserved 1048576K
}
Event: 5.277 GC heap before
{Heap before GC invocations=15 (full 0):
 garbage-first heap   total 507904K, used 357409K [0x00000006ca000000, 0x0000000800000000)
  region size 4096K, 74 young (303104K), 2 survivors (8192K)
 Metaspace       used 37723K, committed 38080K, reserved 1089536K
  class space    used 4776K, committed 4928K, reserved 1048576K
}
Event: 5.290 GC heap after
{Heap after GC invocations=16 (full 0):
 garbage-first heap   total 507904K, used 81343K [0x00000006ca000000, 0x0000000800000000)
  region size 4096K, 6 young (24576K), 6 survivors (24576K)
 Metaspace       used 37723K, committed 38080K, reserved 1089536K
  class space    used 4776K, committed 4928K, reserved 1048576K
}
Event: 5.484 GC heap before
{Heap before GC invocations=16 (full 0):
 garbage-first heap   total 507904K, used 355775K [0x00000006ca000000, 0x0000000800000000)
  region size 4096K, 74 young (303104K), 6 survivors (24576K)
 Metaspace       used 37723K, committed 38080K, reserved 1089536K
  class space    used 4776K, committed 4928K, reserved 1048576K
}
Event: 5.502 GC heap after
{Heap after GC invocations=17 (full 0):
 garbage-first heap   total 507904K, used 93237K [0x00000006ca000000, 0x0000000800000000)
  region size 4096K, 8 young (32768K), 8 survivors (32768K)
 Metaspace       used 37723K, committed 38080K, reserved 1089536K
  class space    used 4776K, committed 4928K, reserved 1048576K
}
Event: 5.633 GC heap before
{Heap before GC invocations=17 (full 0):
 garbage-first heap   total 507904K, used 359477K [0x00000006ca000000, 0x0000000800000000)
  region size 4096K, 74 young (303104K), 8 survivors (32768K)
 Metaspace       used 37723K, committed 38080K, reserved 1089536K
  class space    used 4776K, committed 4928K, reserved 1048576K
}
Event: 5.653 GC heap after
{Heap after GC invocations=18 (full 0):
 garbage-first heap   total 507904K, used 105879K [0x00000006ca000000, 0x0000000800000000)
  region size 4096K, 6 young (24576K), 6 survivors (24576K)
 Metaspace       used 37723K, committed 38080K, reserved 1089536K
  class space    used 4776K, committed 4928K, reserved 1048576K
}
Event: 5.781 GC heap before
{Heap before GC invocations=18 (full 0):
 garbage-first heap   total 507904K, used 380311K [0x00000006ca000000, 0x0000000800000000)
  region size 4096K, 74 young (303104K), 6 survivors (24576K)
 Metaspace       used 37723K, committed 38080K, reserved 1089536K
  class space    used 4776K, committed 4928K, reserved 1048576K
}
Event: 5.802 GC heap after
{Heap after GC invocations=19 (full 0):
 garbage-first heap   total 995328K, used 116888K [0x00000006ca000000, 0x0000000800000000)
  region size 4096K, 6 young (24576K), 6 survivors (24576K)
 Metaspace       used 37723K, committed 38080K, reserved 1089536K
  class space    used 4776K, committed 4928K, reserved 1048576K
}
Event: 6.514 GC heap before
{Heap before GC invocations=19 (full 0):
 garbage-first heap   total 995328K, used 682136K [0x00000006ca000000, 0x0000000800000000)
  region size 4096K, 145 young (593920K), 6 survivors (24576K)
 Metaspace       used 37856K, committed 38144K, reserved 1089536K
  class space    used 4785K, committed 4928K, reserved 1048576K
}
Event: 6.542 GC heap after
{Heap after GC invocations=20 (full 0):
 garbage-first heap   total 995328K, used 148550K [0x00000006ca000000, 0x0000000800000000)
  region size 4096K, 14 young (57344K), 14 survivors (57344K)
 Metaspace       used 37856K, committed 38144K, reserved 1089536K
  class space    used 4785K, committed 4928K, reserved 1048576K
}
Event: 7.420 GC heap before
{Heap before GC invocations=20 (full 0):
 garbage-first heap   total 995328K, used 681030K [0x00000006ca000000, 0x0000000800000000)
  region size 4096K, 145 young (593920K), 14 survivors (57344K)
 Metaspace       used 37856K, committed 38144K, reserved 1089536K
  class space    used 4785K, committed 4928K, reserved 1048576K
}
Event: 7.454 GC heap after
{Heap after GC invocations=21 (full 0):
 garbage-first heap   total 995328K, used 175902K [0x00000006ca000000, 0x0000000800000000)
  region size 4096K, 15 young (61440K), 15 survivors (61440K)
 Metaspace       used 37856K, committed 38144K, reserved 1089536K
  class space    used 4785K, committed 4928K, reserved 1048576K
}
Event: 8.130 GC heap before
{Heap before GC invocations=21 (full 0):
 garbage-first heap   total 995328K, used 704286K [0x00000006ca000000, 0x0000000800000000)
  region size 4096K, 145 young (593920K), 15 survivors (61440K)
 Metaspace       used 37856K, committed 38144K, reserved 1089536K
  class space    used 4785K, committed 4928K, reserved 1048576K
}
Event: 8.166 GC heap after
{Heap after GC invocations=22 (full 0):
 garbage-first heap   total 995328K, used 201934K [0x00000006ca000000, 0x0000000800000000)
  region size 4096K, 13 young (53248K), 13 survivors (53248K)
 Metaspace       used 37856K, committed 38144K, reserved 1089536K
  class space    used 4785K, committed 4928K, reserved 1048576K
}
Event: 11.620 GC heap before
{Heap before GC invocations=22 (full 0):
 garbage-first heap   total 995328K, used 738510K [0x00000006ca000000, 0x0000000800000000)
  region size 4096K, 145 young (593920K), 13 survivors (53248K)
 Metaspace       used 44344K, committed 44672K, reserved 1089536K
  class space    used 6033K, committed 6144K, reserved 1048576K
}

