# JRE version: OpenJDK Runtime Environment Temurin-17.0.3+7 (17.0.3+7) (build 17.0.3+7)
# Java VM: OpenJDK 64-Bit Server VM Temurin-17.0.3+7 (17.0.3+7, mixed mode, emulated-client, tiered, compressed oops, compressed class ptrs, g1 gc, windows-amd64)
GC Precious Log:
 CPUs: 8 total, 8 available
 Memory: 19830M
 Large Page Support: Disabled
 NUMA Support: Disabled
 Compressed Oops: Enabled (Zero based)
 Heap Region Size: 4M
 Heap Min Capacity: 8M
 Heap Initial Capacity: 312M
 Heap Max Capacity: 4960M
 Pre-touch: Disabled
 Parallel Workers: 8
 Concurrent Workers: 2
 Concurrent Refinement Workers: 8
 Periodic GC: Disabled
Heap:
 garbage-first heap   total 376832K, used 96427K [0x00000006ca000000, 0x0000000800000000)
  region size 4096K, 5 young (20480K), 5 survivors (20480K)
 Metaspace       used 35140K, committed 35456K, reserved 1081344K
  class space    used 4569K, committed 4736K, reserved 1048576K
GC Heap History (20 events):
Event: 1.595 GC heap after
{Heap after GC invocations=6 (full 0):
 garbage-first heap   total 57344K, used 12989K [0x00000006ca000000, 0x0000000800000000)
  region size 4096K, 1 young (4096K), 1 survivors (4096K)
 Metaspace       used 26863K, committed 27072K, reserved 1073152K
  class space    used 3350K, committed 3456K, reserved 1048576K
}
Event: 1.803 GC heap before
{Heap before GC invocations=6 (full 0):
 garbage-first heap   total 57344K, used 29373K [0x00000006ca000000, 0x0000000800000000)
  region size 4096K, 5 young (20480K), 1 survivors (4096K)
 Metaspace       used 29052K, committed 29312K, reserved 1081344K
  class space    used 3652K, committed 3776K, reserved 1048576K
}
Event: 1.808 GC heap after
{Heap after GC invocations=7 (full 0):
 garbage-first heap   total 57344K, used 15002K [0x00000006ca000000, 0x0000000800000000)
  region size 4096K, 1 young (4096K), 1 survivors (4096K)
 Metaspace       used 29052K, committed 29312K, reserved 1081344K
  class space    used 3652K, committed 3776K, reserved 1048576K
}
Event: 2.051 GC heap before
{Heap before GC invocations=7 (full 0):
 garbage-first heap   total 57344K, used 35482K [0x00000006ca000000, 0x0000000800000000)
  region size 4096K, 6 young (24576K), 1 survivors (4096K)
 Metaspace       used 32677K, committed 32960K, reserved 1081344K
  class space    used 4146K, committed 4224K, reserved 1048576K
}
Event: 2.056 GC heap after
{Heap after GC invocations=8 (full 0):
 garbage-first heap   total 188416K, used 17591K [0x00000006ca000000, 0x0000000800000000)
  region size 4096K, 1 young (4096K), 1 survivors (4096K)
 Metaspace       used 32677K, committed 32960K, reserved 1081344K
  class space    used 4146K, committed 4224K, reserved 1048576K
}
Event: 2.328 GC heap before
{Heap before GC invocations=8 (full 0):
 garbage-first heap   total 188416K, used 119991K [0x00000006ca000000, 0x0000000800000000)
  region size 4096K, 27 young (110592K), 1 survivors (4096K)
 Metaspace       used 34400K, committed 34688K, reserved 1081344K
  class space    used 4423K, committed 4544K, reserved 1048576K
}
Event: 2.343 GC heap after
{Heap after GC invocations=9 (full 0):
 garbage-first heap   total 188416K, used 38223K [0x00000006ca000000, 0x0000000800000000)
  region size 4096K, 4 young (16384K), 4 survivors (16384K)
 Metaspace       used 34400K, committed 34688K, reserved 1081344K
  class space    used 4423K, committed 4544K, reserved 1048576K
}
Event: 2.651 GC heap before
{Heap before GC invocations=9 (full 0):
 garbage-first heap   total 188416K, used 107855K [0x00000006ca000000, 0x0000000800000000)
  region size 4096K, 22 young (90112K), 4 survivors (16384K)
 Metaspace       used 35028K, committed 35328K, reserved 1081344K
  class space    used 4555K, committed 4672K, reserved 1048576K
}
Event: 2.670 GC heap after
{Heap after GC invocations=10 (full 0):
 garbage-first heap   total 188416K, used 56965K [0x00000006ca000000, 0x0000000800000000)
  region size 4096K, 3 young (12288K), 3 survivors (12288K)
 Metaspace       used 35028K, committed 35328K, reserved 1081344K
  class space    used 4555K, committed 4672K, reserved 1048576K
}
Event: 2.688 GC heap before
{Heap before GC invocations=10 (full 0):
 garbage-first heap   total 188416K, used 114309K [0x00000006ca000000, 0x0000000800000000)
  region size 4096K, 18 young (73728K), 3 survivors (12288K)
 Metaspace       used 35043K, committed 35328K, reserved 1081344K
  class space    used 4555K, committed 4672K, reserved 1048576K
}
Event: 2.696 GC heap after
{Heap after GC invocations=11 (full 0):
 garbage-first heap   total 188416K, used 62756K [0x00000006ca000000, 0x0000000800000000)
  region size 4096K, 1 young (4096K), 1 survivors (4096K)
 Metaspace       used 35043K, committed 35328K, reserved 1081344K
  class space    used 4555K, committed 4672K, reserved 1048576K
}
Event: 2.711 GC heap before
{Heap before GC invocations=11 (full 0):
 garbage-first heap   total 188416K, used 124196K [0x00000006ca000000, 0x0000000800000000)
  region size 4096K, 17 young (69632K), 1 survivors (4096K)
 Metaspace       used 35057K, committed 35392K, reserved 1081344K
  class space    used 4561K, committed 4736K, reserved 1048576K
}
Event: 2.715 GC heap after
{Heap after GC invocations=12 (full 0):
 garbage-first heap   total 376832K, used 64367K [0x00000006ca000000, 0x0000000800000000)
  region size 4096K, 2 young (8192K), 2 survivors (8192K)
 Metaspace       used 35057K, committed 35392K, reserved 1081344K
  class space    used 4561K, committed 4736K, reserved 1048576K
}
Event: 2.786 GC heap before
{Heap before GC invocations=12 (full 0):
 garbage-first heap   total 376832K, used 252783K [0x00000006ca000000, 0x0000000800000000)
  region size 4096K, 49 young (200704K), 2 survivors (8192K)
 Metaspace       used 35139K, committed 35456K, reserved 1081344K
  class space    used 4568K, committed 4736K, reserved 1048576K
}
Event: 2.794 GC heap after
{Heap after GC invocations=13 (full 0):
 garbage-first heap   total 376832K, used 71242K [0x00000006ca000000, 0x0000000800000000)
  region size 4096K, 4 young (16384K), 4 survivors (16384K)
 Metaspace       used 35139K, committed 35456K, reserved 1081344K
  class space    used 4568K, committed 4736K, reserved 1048576K
}
Event: 2.834 GC heap before
{Heap before GC invocations=13 (full 0):
 garbage-first heap   total 376832K, used 271946K [0x00000006ca000000, 0x0000000800000000)
  region size 4096K, 54 young (221184K), 4 survivors (16384K)
 Metaspace       used 35140K, committed 35456K, reserved 1081344K
  class space    used 4569K, committed 4736K, reserved 1048576K
}
Event: 2.844 GC heap after
{Heap after GC invocations=14 (full 0):
 garbage-first heap   total 376832K, used 79697K [0x00000006ca000000, 0x0000000800000000)
  region size 4096K, 6 young (24576K), 6 survivors (24576K)
 Metaspace       used 35140K, committed 35456K, reserved 1081344K
  class space    used 4569K, committed 4736K, reserved 1048576K
}
Event: 2.879 GC heap before
{Heap before GC invocations=14 (full 0):
 garbage-first heap   total 376832K, used 276305K [0x00000006ca000000, 0x0000000800000000)
  region size 4096K, 55 young (225280K), 6 survivors (24576K)
 Metaspace       used 35140K, committed 35456K, reserved 1081344K
  class space    used 4569K, committed 4736K, reserved 1048576K
}
Event: 2.893 GC heap after
{Heap after GC invocations=15 (full 0):
 garbage-first heap   total 376832K, used 88915K [0x00000006ca000000, 0x0000000800000000)
  region size 4096K, 5 young (20480K), 5 survivors (20480K)
 Metaspace       used 35140K, committed 35456K, reserved 1081344K
  class space    used 4569K, committed 4736K, reserved 1048576K
}
Event: 2.932 GC heap before
{Heap before GC invocations=15 (full 0):
 garbage-first heap   total 376832K, used 285523K [0x00000006ca000000, 0x0000000800000000)
  region size 4096K, 54 young (221184K), 5 survivors (20480K)
 Metaspace       used 35140K, committed 35456K, reserved 1081344K
  class space    used 4569K, committed 4736K, reserved 1048576K
}

