# JRE version: OpenJDK Runtime Environment Temurin-17.0.3+7 (17.0.3+7) (build 17.0.3+7)
# Java VM: OpenJDK 64-Bit Server VM Temurin-17.0.3+7 (17.0.3+7, mixed mode, emulated-client, tiered, compressed oops, compressed class ptrs, g1 gc, windows-amd64)
GC Precious Log:
 CPUs: 8 total, 8 available
 Memory: 19830M
 Large Page Support: Disabled
 NUMA Support: Disabled
 Compressed Oops: Enabled (Zero based)
 Heap Region Size: 4M
 Heap Min Capacity: 8M
 Heap Initial Capacity: 312M
 Heap Max Capacity: 4960M
 Pre-touch: Disabled
 Parallel Workers: 8
 Concurrent Workers: 2
 Concurrent Refinement Workers: 8
 Periodic GC: Disabled
Heap:
 garbage-first heap   total 376832K, used 97100K [0x00000006ca000000, 0x0000000800000000)
  region size 4096K, 5 young (20480K), 5 survivors (20480K)
 Metaspace       used 35209K, committed 35520K, reserved 1081344K
  class space    used 4575K, committed 4736K, reserved 1048576K
GC Heap History (20 events):
Event: 1.850 GC heap after
{Heap after GC invocations=6 (full 0):
 garbage-first heap   total 57344K, used 13088K [0x00000006ca000000, 0x0000000800000000)
  region size 4096K, 1 young (4096K), 1 survivors (4096K)
 Metaspace       used 26584K, committed 26816K, reserved 1073152K
  class space    used 3306K, committed 3392K, reserved 1048576K
}
Event: 2.112 GC heap before
{Heap before GC invocations=6 (full 0):
 garbage-first heap   total 57344K, used 29472K [0x00000006ca000000, 0x0000000800000000)
  region size 4096K, 6 young (24576K), 1 survivors (4096K)
 Metaspace       used 29792K, committed 30016K, reserved 1081344K
  class space    used 3738K, committed 3840K, reserved 1048576K
}
Event: 2.118 GC heap after
{Heap after GC invocations=7 (full 0):
 garbage-first heap   total 57344K, used 14919K [0x00000006ca000000, 0x0000000800000000)
  region size 4096K, 1 young (4096K), 1 survivors (4096K)
 Metaspace       used 29792K, committed 30016K, reserved 1081344K
  class space    used 3738K, committed 3840K, reserved 1048576K
}
Event: 2.312 GC heap before
{Heap before GC invocations=7 (full 0):
 garbage-first heap   total 57344K, used 31303K [0x00000006ca000000, 0x0000000800000000)
  region size 4096K, 6 young (24576K), 1 survivors (4096K)
 Metaspace       used 32713K, committed 33024K, reserved 1081344K
  class space    used 4146K, committed 4288K, reserved 1048576K
}
Event: 2.317 GC heap after
{Heap after GC invocations=8 (full 0):
 garbage-first heap   total 188416K, used 17838K [0x00000006ca000000, 0x0000000800000000)
  region size 4096K, 1 young (4096K), 1 survivors (4096K)
 Metaspace       used 32713K, committed 33024K, reserved 1081344K
  class space    used 4146K, committed 4288K, reserved 1048576K
}
Event: 2.573 GC heap before
{Heap before GC invocations=8 (full 0):
 garbage-first heap   total 188416K, used 120238K [0x00000006ca000000, 0x0000000800000000)
  region size 4096K, 27 young (110592K), 1 survivors (4096K)
 Metaspace       used 34356K, committed 34688K, reserved 1081344K
  class space    used 4405K, committed 4544K, reserved 1048576K
}
Event: 2.587 GC heap after
{Heap after GC invocations=9 (full 0):
 garbage-first heap   total 188416K, used 38605K [0x00000006ca000000, 0x0000000800000000)
  region size 4096K, 4 young (16384K), 4 survivors (16384K)
 Metaspace       used 34356K, committed 34688K, reserved 1081344K
  class space    used 4405K, committed 4544K, reserved 1048576K
}
Event: 2.872 GC heap before
{Heap before GC invocations=9 (full 0):
 garbage-first heap   total 188416K, used 112333K [0x00000006ca000000, 0x0000000800000000)
  region size 4096K, 22 young (90112K), 4 survivors (16384K)
 Metaspace       used 35097K, committed 35456K, reserved 1081344K
  class space    used 4560K, committed 4736K, reserved 1048576K
}
Event: 2.890 GC heap after
{Heap after GC invocations=10 (full 0):
 garbage-first heap   total 188416K, used 57344K [0x00000006ca000000, 0x0000000800000000)
  region size 4096K, 3 young (12288K), 3 survivors (12288K)
 Metaspace       used 35097K, committed 35456K, reserved 1081344K
  class space    used 4560K, committed 4736K, reserved 1048576K
}
Event: 2.910 GC heap before
{Heap before GC invocations=10 (full 0):
 garbage-first heap   total 188416K, used 114688K [0x00000006ca000000, 0x0000000800000000)
  region size 4096K, 18 young (73728K), 3 survivors (12288K)
 Metaspace       used 35106K, committed 35456K, reserved 1081344K
  class space    used 4562K, committed 4736K, reserved 1048576K
}
Event: 2.920 GC heap after
{Heap after GC invocations=11 (full 0):
 garbage-first heap   total 188416K, used 62739K [0x00000006ca000000, 0x0000000800000000)
  region size 4096K, 1 young (4096K), 1 survivors (4096K)
 Metaspace       used 35106K, committed 35456K, reserved 1081344K
  class space    used 4562K, committed 4736K, reserved 1048576K
}
Event: 2.935 GC heap before
{Heap before GC invocations=11 (full 0):
 garbage-first heap   total 188416K, used 124179K [0x00000006ca000000, 0x0000000800000000)
  region size 4096K, 17 young (69632K), 1 survivors (4096K)
 Metaspace       used 35113K, committed 35456K, reserved 1081344K
  class space    used 4562K, committed 4736K, reserved 1048576K
}
Event: 2.939 GC heap after
{Heap after GC invocations=12 (full 0):
 garbage-first heap   total 376832K, used 64353K [0x00000006ca000000, 0x0000000800000000)
  region size 4096K, 2 young (8192K), 2 survivors (8192K)
 Metaspace       used 35113K, committed 35456K, reserved 1081344K
  class space    used 4562K, committed 4736K, reserved 1048576K
}
Event: 3.005 GC heap before
{Heap before GC invocations=12 (full 0):
 garbage-first heap   total 376832K, used 256865K [0x00000006ca000000, 0x0000000800000000)
  region size 4096K, 50 young (204800K), 2 survivors (8192K)
 Metaspace       used 35209K, committed 35520K, reserved 1081344K
  class space    used 4575K, committed 4736K, reserved 1048576K
}
Event: 3.011 GC heap after
{Heap after GC invocations=13 (full 0):
 garbage-first heap   total 376832K, used 71490K [0x00000006ca000000, 0x0000000800000000)
  region size 4096K, 4 young (16384K), 4 survivors (16384K)
 Metaspace       used 35209K, committed 35520K, reserved 1081344K
  class space    used 4575K, committed 4736K, reserved 1048576K
}
Event: 3.051 GC heap before
{Heap before GC invocations=13 (full 0):
 garbage-first heap   total 376832K, used 276290K [0x00000006ca000000, 0x0000000800000000)
  region size 4096K, 55 young (225280K), 4 survivors (16384K)
 Metaspace       used 35209K, committed 35520K, reserved 1081344K
  class space    used 4575K, committed 4736K, reserved 1048576K
}
Event: 3.061 GC heap after
{Heap after GC invocations=14 (full 0):
 garbage-first heap   total 376832K, used 80221K [0x00000006ca000000, 0x0000000800000000)
  region size 4096K, 6 young (24576K), 6 survivors (24576K)
 Metaspace       used 35209K, committed 35520K, reserved 1081344K
  class space    used 4575K, committed 4736K, reserved 1048576K
}
Event: 3.097 GC heap before
{Heap before GC invocations=14 (full 0):
 garbage-first heap   total 376832K, used 276829K [0x00000006ca000000, 0x0000000800000000)
  region size 4096K, 55 young (225280K), 6 survivors (24576K)
 Metaspace       used 35209K, committed 35520K, reserved 1081344K
  class space    used 4575K, committed 4736K, reserved 1048576K
}
Event: 3.111 GC heap after
{Heap after GC invocations=15 (full 0):
 garbage-first heap   total 376832K, used 89458K [0x00000006ca000000, 0x0000000800000000)
  region size 4096K, 5 young (20480K), 5 survivors (20480K)
 Metaspace       used 35209K, committed 35520K, reserved 1081344K
  class space    used 4575K, committed 4736K, reserved 1048576K
}
Event: 3.150 GC heap before
{Heap before GC invocations=15 (full 0):
 garbage-first heap   total 376832K, used 290162K [0x00000006ca000000, 0x0000000800000000)
  region size 4096K, 55 young (225280K), 5 survivors (20480K)
 Metaspace       used 35209K, committed 35520K, reserved 1081344K
  class space    used 4575K, committed 4736K, reserved 1048576K
}

