# JRE version: OpenJDK Runtime Environment Temurin-17.0.3+7 (17.0.3+7) (build 17.0.3+7)
# Java VM: OpenJDK 64-Bit Server VM Temurin-17.0.3+7 (17.0.3+7, mixed mode, emulated-client, tiered, compressed oops, compressed class ptrs, g1 gc, windows-amd64)
GC Precious Log:
 CPUs: 8 total, 8 available
 Memory: 19830M
 Large Page Support: Disabled
 NUMA Support: Disabled
 Compressed Oops: Enabled (Zero based)
 Heap Region Size: 4M
 Heap Min Capacity: 8M
 Heap Initial Capacity: 312M
 Heap Max Capacity: 4960M
 Pre-touch: Disabled
 Parallel Workers: 8
 Concurrent Workers: 2
 Concurrent Refinement Workers: 8
 Periodic GC: Disabled
Heap:
 garbage-first heap   total 380928K, used 104743K [0x00000006ca000000, 0x0000000800000000)
  region size 4096K, 5 young (20480K), 5 survivors (20480K)
 Metaspace       used 37732K, committed 38080K, reserved 1089536K
  class space    used 4782K, committed 4928K, reserved 1048576K
GC Heap History (20 events):
Event: 12.858 GC heap after
{Heap after GC invocations=7 (full 0):
 garbage-first heap   total 57344K, used 15177K [0x00000006ca000000, 0x0000000800000000)
  region size 4096K, 1 young (4096K), 1 survivors (4096K)
 Metaspace       used 29653K, committed 29952K, reserved 1081344K
  class space    used 3734K, committed 3904K, reserved 1048576K
}
Event: 13.082 GC heap before
{Heap before GC invocations=7 (full 0):
 garbage-first heap   total 57344K, used 35657K [0x00000006ca000000, 0x0000000800000000)
  region size 4096K, 6 young (24576K), 1 survivors (4096K)
 Metaspace       used 32584K, committed 32832K, reserved 1081344K
  class space    used 4133K, committed 4224K, reserved 1048576K
}
Event: 13.087 GC heap after
{Heap after GC invocations=8 (full 0):
 garbage-first heap   total 188416K, used 18070K [0x00000006ca000000, 0x0000000800000000)
  region size 4096K, 1 young (4096K), 1 survivors (4096K)
 Metaspace       used 32584K, committed 32832K, reserved 1081344K
  class space    used 4133K, committed 4224K, reserved 1048576K
}
Event: 13.349 GC heap before
{Heap before GC invocations=8 (full 0):
 garbage-first heap   total 188416K, used 124566K [0x00000006ca000000, 0x0000000800000000)
  region size 4096K, 27 young (110592K), 1 survivors (4096K)
 Metaspace       used 34026K, committed 34304K, reserved 1081344K
  class space    used 4349K, committed 4480K, reserved 1048576K
}
Event: 13.364 GC heap after
{Heap after GC invocations=9 (full 0):
 garbage-first heap   total 188416K, used 39229K [0x00000006ca000000, 0x0000000800000000)
  region size 4096K, 4 young (16384K), 4 survivors (16384K)
 Metaspace       used 34026K, committed 34304K, reserved 1081344K
  class space    used 4349K, committed 4480K, reserved 1048576K
}
Event: 13.719 GC heap before
{Heap before GC invocations=9 (full 0):
 garbage-first heap   total 188416K, used 76093K [0x00000006ca000000, 0x0000000800000000)
  region size 4096K, 15 young (61440K), 4 survivors (16384K)
 Metaspace       used 36000K, committed 36288K, reserved 1081344K
  class space    used 4631K, committed 4800K, reserved 1048576K
}
Event: 13.732 GC heap after
{Heap after GC invocations=10 (full 0):
 garbage-first heap   total 188416K, used 48737K [0x00000006ca000000, 0x0000000800000000)
  region size 4096K, 3 young (12288K), 3 survivors (12288K)
 Metaspace       used 36000K, committed 36288K, reserved 1081344K
  class space    used 4631K, committed 4800K, reserved 1048576K
}
Event: 13.866 GC heap before
{Heap before GC invocations=11 (full 0):
 garbage-first heap   total 188416K, used 114273K [0x00000006ca000000, 0x0000000800000000)
  region size 4096K, 20 young (81920K), 3 survivors (12288K)
 Metaspace       used 37021K, committed 37312K, reserved 1081344K
  class space    used 4701K, committed 4864K, reserved 1048576K
}
Event: 13.877 GC heap after
{Heap after GC invocations=12 (full 0):
 garbage-first heap   total 188416K, used 60679K [0x00000006ca000000, 0x0000000800000000)
  region size 4096K, 3 young (12288K), 3 survivors (12288K)
 Metaspace       used 37021K, committed 37312K, reserved 1081344K
  class space    used 4701K, committed 4864K, reserved 1048576K
}
Event: 13.902 GC heap before
{Heap before GC invocations=12 (full 0):
 garbage-first heap   total 188416K, used 122119K [0x00000006ca000000, 0x0000000800000000)
  region size 4096K, 19 young (77824K), 3 survivors (12288K)
 Metaspace       used 37149K, committed 37440K, reserved 1081344K
  class space    used 4721K, committed 4864K, reserved 1048576K
}
Event: 13.914 GC heap after
{Heap after GC invocations=13 (full 0):
 garbage-first heap   total 188416K, used 64447K [0x00000006ca000000, 0x0000000800000000)
  region size 4096K, 1 young (4096K), 1 survivors (4096K)
 Metaspace       used 37149K, committed 37440K, reserved 1081344K
  class space    used 4721K, committed 4864K, reserved 1048576K
}
Event: 13.935 GC heap before
{Heap before GC invocations=13 (full 0):
 garbage-first heap   total 188416K, used 129983K [0x00000006ca000000, 0x0000000800000000)
  region size 4096K, 18 young (73728K), 1 survivors (4096K)
 Metaspace       used 37339K, committed 37632K, reserved 1089536K
  class space    used 4728K, committed 4864K, reserved 1048576K
}
Event: 13.939 GC heap after
{Heap after GC invocations=14 (full 0):
 garbage-first heap   total 380928K, used 66318K [0x00000006ca000000, 0x0000000800000000)
  region size 4096K, 2 young (8192K), 2 survivors (8192K)
 Metaspace       used 37339K, committed 37632K, reserved 1089536K
  class space    used 4728K, committed 4864K, reserved 1048576K
}
Event: 14.044 GC heap before
{Heap before GC invocations=14 (full 0):
 garbage-first heap   total 380928K, used 258830K [0x00000006ca000000, 0x0000000800000000)
  region size 4096K, 50 young (204800K), 2 survivors (8192K)
 Metaspace       used 37392K, committed 37696K, reserved 1089536K
  class space    used 4739K, committed 4864K, reserved 1048576K
}
Event: 14.052 GC heap after
{Heap after GC invocations=15 (full 0):
 garbage-first heap   total 380928K, used 75274K [0x00000006ca000000, 0x0000000800000000)
  region size 4096K, 4 young (16384K), 4 survivors (16384K)
 Metaspace       used 37392K, committed 37696K, reserved 1089536K
  class space    used 4739K, committed 4864K, reserved 1048576K
}
Event: 14.122 GC heap before
{Heap before GC invocations=15 (full 0):
 garbage-first heap   total 380928K, used 280074K [0x00000006ca000000, 0x0000000800000000)
  region size 4096K, 55 young (225280K), 4 survivors (16384K)
 Metaspace       used 37624K, committed 37952K, reserved 1089536K
  class space    used 4766K, committed 4928K, reserved 1048576K
}
Event: 14.132 GC heap after
{Heap after GC invocations=16 (full 0):
 garbage-first heap   total 380928K, used 87532K [0x00000006ca000000, 0x0000000800000000)
  region size 4096K, 7 young (28672K), 7 survivors (28672K)
 Metaspace       used 37624K, committed 37952K, reserved 1089536K
  class space    used 4766K, committed 4928K, reserved 1048576K
}
Event: 14.192 GC heap before
{Heap before GC invocations=16 (full 0):
 garbage-first heap   total 380928K, used 280044K [0x00000006ca000000, 0x0000000800000000)
  region size 4096K, 55 young (225280K), 7 survivors (28672K)
 Metaspace       used 37732K, committed 38080K, reserved 1089536K
  class space    used 4782K, committed 4928K, reserved 1048576K
}
Event: 14.207 GC heap after
{Heap after GC invocations=17 (full 0):
 garbage-first heap   total 380928K, used 96307K [0x00000006ca000000, 0x0000000800000000)
  region size 4096K, 6 young (24576K), 6 survivors (24576K)
 Metaspace       used 37732K, committed 38080K, reserved 1089536K
  class space    used 4782K, committed 4928K, reserved 1048576K
}
Event: 14.264 GC heap before
{Heap before GC invocations=17 (full 0):
 garbage-first heap   total 380928K, used 288819K [0x00000006ca000000, 0x0000000800000000)
  region size 4096K, 54 young (221184K), 6 survivors (24576K)
 Metaspace       used 37732K, committed 38080K, reserved 1089536K
  class space    used 4782K, committed 4928K, reserved 1048576K
}

