# JRE version: OpenJDK Runtime Environment Temurin-17.0.3+7 (17.0.3+7) (build 17.0.3+7)
# Java VM: OpenJDK 64-Bit Server VM Temurin-17.0.3+7 (17.0.3+7, mixed mode, emulated-client, tiered, compressed oops, compressed class ptrs, g1 gc, windows-amd64)
GC Precious Log:
 CPUs: 8 total, 8 available
 Memory: 19830M
 Large Page Support: Disabled
 NUMA Support: Disabled
 Compressed Oops: Enabled (Zero based)
 Heap Region Size: 4M
 Heap Min Capacity: 8M
 Heap Initial Capacity: 312M
 Heap Max Capacity: 4960M
 Pre-touch: Disabled
 Parallel Workers: 8
 Concurrent Workers: 2
 Concurrent Refinement Workers: 8
 Periodic GC: Disabled
Heap:
 garbage-first heap   total 892928K, used 197923K [0x00000006ca000000, 0x0000000800000000)
  region size 4096K, 12 young (49152K), 12 survivors (49152K)
 Metaspace       used 35310K, committed 35584K, reserved 1081344K
  class space    used 4581K, committed 4736K, reserved 1048576K
GC Heap History (20 events):
Event: 4.551 GC heap after
{Heap after GC invocations=10 (full 0):
 garbage-first heap   total 188416K, used 56709K [0x00000006ca000000, 0x0000000800000000)
  region size 4096K, 3 young (12288K), 3 survivors (12288K)
 Metaspace       used 35063K, committed 35392K, reserved 1081344K
  class space    used 4556K, committed 4736K, reserved 1048576K
}
Event: 4.575 GC heap before
{Heap before GC invocations=10 (full 0):
 garbage-first heap   total 188416K, used 118149K [0x00000006ca000000, 0x0000000800000000)
  region size 4096K, 19 young (77824K), 3 survivors (12288K)
 Metaspace       used 35079K, committed 35392K, reserved 1081344K
  class space    used 4557K, committed 4736K, reserved 1048576K
}
Event: 4.586 GC heap after
{Heap after GC invocations=11 (full 0):
 garbage-first heap   total 188416K, used 62296K [0x00000006ca000000, 0x0000000800000000)
  region size 4096K, 1 young (4096K), 1 survivors (4096K)
 Metaspace       used 35079K, committed 35392K, reserved 1081344K
  class space    used 4557K, committed 4736K, reserved 1048576K
}
Event: 4.601 GC heap before
{Heap before GC invocations=11 (full 0):
 garbage-first heap   total 188416K, used 123736K [0x00000006ca000000, 0x0000000800000000)
  region size 4096K, 17 young (69632K), 1 survivors (4096K)
 Metaspace       used 35176K, committed 35456K, reserved 1081344K
  class space    used 4571K, committed 4736K, reserved 1048576K
}
Event: 4.606 GC heap after
{Heap after GC invocations=12 (full 0):
 garbage-first heap   total 376832K, used 64046K [0x00000006ca000000, 0x0000000800000000)
  region size 4096K, 2 young (8192K), 2 survivors (8192K)
 Metaspace       used 35176K, committed 35456K, reserved 1081344K
  class space    used 4571K, committed 4736K, reserved 1048576K
}
Event: 4.691 GC heap before
{Heap before GC invocations=12 (full 0):
 garbage-first heap   total 376832K, used 256558K [0x00000006ca000000, 0x0000000800000000)
  region size 4096K, 51 young (208896K), 2 survivors (8192K)
 Metaspace       used 35176K, committed 35456K, reserved 1081344K
  class space    used 4571K, committed 4736K, reserved 1048576K
}
Event: 4.698 GC heap after
{Heap after GC invocations=13 (full 0):
 garbage-first heap   total 376832K, used 71396K [0x00000006ca000000, 0x0000000800000000)
  region size 4096K, 4 young (16384K), 4 survivors (16384K)
 Metaspace       used 35176K, committed 35456K, reserved 1081344K
  class space    used 4571K, committed 4736K, reserved 1048576K
}
Event: 4.741 GC heap before
{Heap before GC invocations=13 (full 0):
 garbage-first heap   total 376832K, used 276196K [0x00000006ca000000, 0x0000000800000000)
  region size 4096K, 55 young (225280K), 4 survivors (16384K)
 Metaspace       used 35177K, committed 35456K, reserved 1081344K
  class space    used 4571K, committed 4736K, reserved 1048576K
}
Event: 4.751 GC heap after
{Heap after GC invocations=14 (full 0):
 garbage-first heap   total 376832K, used 79756K [0x00000006ca000000, 0x0000000800000000)
  region size 4096K, 6 young (24576K), 6 survivors (24576K)
 Metaspace       used 35177K, committed 35456K, reserved 1081344K
  class space    used 4571K, committed 4736K, reserved 1048576K
}
Event: 4.794 GC heap before
{Heap before GC invocations=14 (full 0):
 garbage-first heap   total 376832K, used 276364K [0x00000006ca000000, 0x0000000800000000)
  region size 4096K, 55 young (225280K), 6 survivors (24576K)
 Metaspace       used 35177K, committed 35456K, reserved 1081344K
  class space    used 4571K, committed 4736K, reserved 1048576K
}
Event: 4.808 GC heap after
{Heap after GC invocations=15 (full 0):
 garbage-first heap   total 376832K, used 89421K [0x00000006ca000000, 0x0000000800000000)
  region size 4096K, 5 young (20480K), 5 survivors (20480K)
 Metaspace       used 35177K, committed 35456K, reserved 1081344K
  class space    used 4571K, committed 4736K, reserved 1048576K
}
Event: 4.847 GC heap before
{Heap before GC invocations=15 (full 0):
 garbage-first heap   total 376832K, used 290125K [0x00000006ca000000, 0x0000000800000000)
  region size 4096K, 55 young (225280K), 5 survivors (20480K)
 Metaspace       used 35177K, committed 35456K, reserved 1081344K
  class space    used 4571K, committed 4736K, reserved 1048576K
}
Event: 4.861 GC heap after
{Heap after GC invocations=16 (full 0):
 garbage-first heap   total 892928K, used 96977K [0x00000006ca000000, 0x0000000800000000)
  region size 4096K, 5 young (20480K), 5 survivors (20480K)
 Metaspace       used 35177K, committed 35456K, reserved 1081344K
  class space    used 4571K, committed 4736K, reserved 1048576K
}
Event: 5.003 GC heap before
{Heap before GC invocations=16 (full 0):
 garbage-first heap   total 892928K, used 604881K [0x00000006ca000000, 0x0000000800000000)
  region size 4096K, 130 young (532480K), 5 survivors (20480K)
 Metaspace       used 35177K, committed 35456K, reserved 1081344K
  class space    used 4571K, committed 4736K, reserved 1048576K
}
Event: 5.020 GC heap after
{Heap after GC invocations=17 (full 0):
 garbage-first heap   total 892928K, used 123867K [0x00000006ca000000, 0x0000000800000000)
  region size 4096K, 11 young (45056K), 11 survivors (45056K)
 Metaspace       used 35177K, committed 35456K, reserved 1081344K
  class space    used 4571K, committed 4736K, reserved 1048576K
}
Event: 5.676 GC heap before
{Heap before GC invocations=17 (full 0):
 garbage-first heap   total 892928K, used 607195K [0x00000006ca000000, 0x0000000800000000)
  region size 4096K, 130 young (532480K), 11 survivors (45056K)
 Metaspace       used 35310K, committed 35584K, reserved 1081344K
  class space    used 4581K, committed 4736K, reserved 1048576K
}
Event: 5.703 GC heap after
{Heap after GC invocations=18 (full 0):
 garbage-first heap   total 892928K, used 149080K [0x00000006ca000000, 0x0000000800000000)
  region size 4096K, 15 young (61440K), 15 survivors (61440K)
 Metaspace       used 35310K, committed 35584K, reserved 1081344K
  class space    used 4581K, committed 4736K, reserved 1048576K
}
Event: 6.214 GC heap before
{Heap before GC invocations=18 (full 0):
 garbage-first heap   total 892928K, used 616024K [0x00000006ca000000, 0x0000000800000000)
  region size 4096K, 130 young (532480K), 15 survivors (61440K)
 Metaspace       used 35310K, committed 35584K, reserved 1081344K
  class space    used 4581K, committed 4736K, reserved 1048576K
}
Event: 6.247 GC heap after
{Heap after GC invocations=19 (full 0):
 garbage-first heap   total 892928K, used 171665K [0x00000006ca000000, 0x0000000800000000)
  region size 4096K, 12 young (49152K), 12 survivors (49152K)
 Metaspace       used 35310K, committed 35584K, reserved 1081344K
  class space    used 4581K, committed 4736K, reserved 1048576K
}
Event: 6.776 GC heap before
{Heap before GC invocations=19 (full 0):
 garbage-first heap   total 892928K, used 650897K [0x00000006ca000000, 0x0000000800000000)
  region size 4096K, 130 young (532480K), 12 survivors (49152K)
 Metaspace       used 35310K, committed 35584K, reserved 1081344K
  class space    used 4581K, committed 4736K, reserved 1048576K
}

