# JRE version: OpenJDK Runtime Environment Temurin-17.0.3+7 (17.0.3+7) (build 17.0.3+7)
# Java VM: OpenJDK 64-Bit Server VM Temurin-17.0.3+7 (17.0.3+7, mixed mode, emulated-client, tiered, compressed oops, compressed class ptrs, g1 gc, windows-amd64)
GC Precious Log:
 CPUs: 8 total, 8 available
 Memory: 19830M
 Large Page Support: Disabled
 NUMA Support: Disabled
 Compressed Oops: Enabled (Zero based)
 Heap Region Size: 4M
 Heap Min Capacity: 8M
 Heap Initial Capacity: 312M
 Heap Max Capacity: 4960M
 Pre-touch: Disabled
 Parallel Workers: 8
 Concurrent Workers: 2
 Concurrent Refinement Workers: 8
 Periodic GC: Disabled
Heap:
 garbage-first heap   total 876544K, used 194757K [0x00000006ca000000, 0x0000000800000000)
  region size 4096K, 12 young (49152K), 12 survivors (49152K)
 Metaspace       used 35314K, committed 35584K, reserved 1081344K
  class space    used 4584K, committed 4736K, reserved 1048576K
GC Heap History (20 events):
Event: 2.981 GC heap after
{Heap after GC invocations=11 (full 0):
 garbage-first heap   total 188416K, used 57481K [0x00000006ca000000, 0x0000000800000000)
  region size 4096K, 3 young (12288K), 3 survivors (12288K)
 Metaspace       used 35073K, committed 35392K, reserved 1081344K
  class space    used 4562K, committed 4736K, reserved 1048576K
}
Event: 2.998 GC heap before
{Heap before GC invocations=11 (full 0):
 garbage-first heap   total 188416K, used 114825K [0x00000006ca000000, 0x0000000800000000)
  region size 4096K, 18 young (73728K), 3 survivors (12288K)
 Metaspace       used 35085K, committed 35392K, reserved 1081344K
  class space    used 4562K, committed 4736K, reserved 1048576K
}
Event: 3.006 GC heap after
{Heap after GC invocations=12 (full 0):
 garbage-first heap   total 188416K, used 62846K [0x00000006ca000000, 0x0000000800000000)
  region size 4096K, 1 young (4096K), 1 survivors (4096K)
 Metaspace       used 35085K, committed 35392K, reserved 1081344K
  class space    used 4562K, committed 4736K, reserved 1048576K
}
Event: 3.027 GC heap before
{Heap before GC invocations=12 (full 0):
 garbage-first heap   total 188416K, used 124286K [0x00000006ca000000, 0x0000000800000000)
  region size 4096K, 17 young (69632K), 1 survivors (4096K)
 Metaspace       used 35098K, committed 35392K, reserved 1081344K
  class space    used 4569K, committed 4736K, reserved 1048576K
}
Event: 3.031 GC heap after
{Heap after GC invocations=13 (full 0):
 garbage-first heap   total 376832K, used 64582K [0x00000006ca000000, 0x0000000800000000)
  region size 4096K, 2 young (8192K), 2 survivors (8192K)
 Metaspace       used 35098K, committed 35392K, reserved 1081344K
  class space    used 4569K, committed 4736K, reserved 1048576K
}
Event: 3.097 GC heap before
{Heap before GC invocations=13 (full 0):
 garbage-first heap   total 376832K, used 257094K [0x00000006ca000000, 0x0000000800000000)
  region size 4096K, 50 young (204800K), 2 survivors (8192K)
 Metaspace       used 35181K, committed 35456K, reserved 1081344K
  class space    used 4575K, committed 4736K, reserved 1048576K
}
Event: 3.104 GC heap after
{Heap after GC invocations=14 (full 0):
 garbage-first heap   total 376832K, used 72208K [0x00000006ca000000, 0x0000000800000000)
  region size 4096K, 4 young (16384K), 4 survivors (16384K)
 Metaspace       used 35181K, committed 35456K, reserved 1081344K
  class space    used 4575K, committed 4736K, reserved 1048576K
}
Event: 3.144 GC heap before
{Heap before GC invocations=14 (full 0):
 garbage-first heap   total 376832K, used 277008K [0x00000006ca000000, 0x0000000800000000)
  region size 4096K, 55 young (225280K), 4 survivors (16384K)
 Metaspace       used 35181K, committed 35456K, reserved 1081344K
  class space    used 4575K, committed 4736K, reserved 1048576K
}
Event: 3.153 GC heap after
{Heap after GC invocations=15 (full 0):
 garbage-first heap   total 376832K, used 80851K [0x00000006ca000000, 0x0000000800000000)
  region size 4096K, 6 young (24576K), 6 survivors (24576K)
 Metaspace       used 35181K, committed 35456K, reserved 1081344K
  class space    used 4575K, committed 4736K, reserved 1048576K
}
Event: 3.194 GC heap before
{Heap before GC invocations=15 (full 0):
 garbage-first heap   total 376832K, used 277459K [0x00000006ca000000, 0x0000000800000000)
  region size 4096K, 55 young (225280K), 6 survivors (24576K)
 Metaspace       used 35181K, committed 35456K, reserved 1081344K
  class space    used 4575K, committed 4736K, reserved 1048576K
}
Event: 3.209 GC heap after
{Heap after GC invocations=16 (full 0):
 garbage-first heap   total 376832K, used 89112K [0x00000006ca000000, 0x0000000800000000)
  region size 4096K, 5 young (20480K), 5 survivors (20480K)
 Metaspace       used 35181K, committed 35456K, reserved 1081344K
  class space    used 4575K, committed 4736K, reserved 1048576K
}
Event: 3.251 GC heap before
{Heap before GC invocations=16 (full 0):
 garbage-first heap   total 376832K, used 289816K [0x00000006ca000000, 0x0000000800000000)
  region size 4096K, 55 young (225280K), 5 survivors (20480K)
 Metaspace       used 35181K, committed 35456K, reserved 1081344K
  class space    used 4575K, committed 4736K, reserved 1048576K
}
Event: 3.265 GC heap after
{Heap after GC invocations=17 (full 0):
 garbage-first heap   total 876544K, used 96867K [0x00000006ca000000, 0x0000000800000000)
  region size 4096K, 5 young (20480K), 5 survivors (20480K)
 Metaspace       used 35181K, committed 35456K, reserved 1081344K
  class space    used 4575K, committed 4736K, reserved 1048576K
}
Event: 3.426 GC heap before
{Heap before GC invocations=17 (full 0):
 garbage-first heap   total 876544K, used 596579K [0x00000006ca000000, 0x0000000800000000)
  region size 4096K, 129 young (528384K), 5 survivors (20480K)
 Metaspace       used 35181K, committed 35456K, reserved 1081344K
  class space    used 4575K, committed 4736K, reserved 1048576K
}
Event: 3.443 GC heap after
{Heap after GC invocations=18 (full 0):
 garbage-first heap   total 876544K, used 123813K [0x00000006ca000000, 0x0000000800000000)
  region size 4096K, 11 young (45056K), 11 survivors (45056K)
 Metaspace       used 35181K, committed 35456K, reserved 1081344K
  class space    used 4575K, committed 4736K, reserved 1048576K
}
Event: 3.957 GC heap before
{Heap before GC invocations=18 (full 0):
 garbage-first heap   total 876544K, used 598949K [0x00000006ca000000, 0x0000000800000000)
  region size 4096K, 128 young (524288K), 11 survivors (45056K)
 Metaspace       used 35314K, committed 35584K, reserved 1081344K
  class space    used 4584K, committed 4736K, reserved 1048576K
}
Event: 3.982 GC heap after
{Heap after GC invocations=19 (full 0):
 garbage-first heap   total 876544K, used 149491K [0x00000006ca000000, 0x0000000800000000)
  region size 4096K, 14 young (57344K), 14 survivors (57344K)
 Metaspace       used 35314K, committed 35584K, reserved 1081344K
  class space    used 4584K, committed 4736K, reserved 1048576K
}
Event: 4.502 GC heap before
{Heap before GC invocations=19 (full 0):
 garbage-first heap   total 876544K, used 612339K [0x00000006ca000000, 0x0000000800000000)
  region size 4096K, 128 young (524288K), 14 survivors (57344K)
 Metaspace       used 35314K, committed 35584K, reserved 1081344K
  class space    used 4584K, committed 4736K, reserved 1048576K
}
Event: 4.529 GC heap after
{Heap after GC invocations=20 (full 0):
 garbage-first heap   total 876544K, used 171382K [0x00000006ca000000, 0x0000000800000000)
  region size 4096K, 12 young (49152K), 12 survivors (49152K)
 Metaspace       used 35314K, committed 35584K, reserved 1081344K
  class space    used 4584K, committed 4736K, reserved 1048576K
}
Event: 5.040 GC heap before
{Heap before GC invocations=20 (full 0):
 garbage-first heap   total 876544K, used 642422K [0x00000006ca000000, 0x0000000800000000)
  region size 4096K, 128 young (524288K), 12 survivors (49152K)
 Metaspace       used 35314K, committed 35584K, reserved 1081344K
  class space    used 4584K, committed 4736K, reserved 1048576K
}

