# JRE version: OpenJDK Runtime Environment Temurin-17.0.3+7 (17.0.3+7) (build 17.0.3+7)
# Java VM: OpenJDK 64-Bit Server VM Temurin-17.0.3+7 (17.0.3+7, mixed mode, emulated-client, tiered, compressed oops, compressed class ptrs, g1 gc, windows-amd64)
GC Precious Log:
 CPUs: 8 total, 8 available
 Memory: 19830M
 Large Page Support: Disabled
 NUMA Support: Disabled
 Compressed Oops: Enabled (Zero based)
 Heap Region Size: 4M
 Heap Min Capacity: 8M
 Heap Initial Capacity: 312M
 Heap Max Capacity: 4960M
 Pre-touch: Disabled
 Parallel Workers: 8
 Concurrent Workers: 2
 Concurrent Refinement Workers: 8
 Periodic GC: Disabled
Heap:
 garbage-first heap   total 872448K, used 194555K [0x00000006ca000000, 0x0000000800000000)
  region size 4096K, 12 young (49152K), 12 survivors (49152K)
 Metaspace       used 35310K, committed 35584K, reserved 1081344K
  class space    used 4580K, committed 4736K, reserved 1048576K
GC Heap History (20 events):
Event: 3.127 GC heap after
{Heap after GC invocations=10 (full 0):
 garbage-first heap   total 188416K, used 56302K [0x00000006ca000000, 0x0000000800000000)
  region size 4096K, 3 young (12288K), 3 survivors (12288K)
 Metaspace       used 35065K, committed 35392K, reserved 1081344K
  class space    used 4557K, committed 4736K, reserved 1048576K
}
Event: 3.150 GC heap before
{Heap before GC invocations=10 (full 0):
 garbage-first heap   total 188416K, used 113646K [0x00000006ca000000, 0x0000000800000000)
  region size 4096K, 18 young (73728K), 3 survivors (12288K)
 Metaspace       used 35079K, committed 35392K, reserved 1081344K
  class space    used 4557K, committed 4736K, reserved 1048576K
}
Event: 3.161 GC heap after
{Heap after GC invocations=11 (full 0):
 garbage-first heap   total 188416K, used 61272K [0x00000006ca000000, 0x0000000800000000)
  region size 4096K, 1 young (4096K), 1 survivors (4096K)
 Metaspace       used 35079K, committed 35392K, reserved 1081344K
  class space    used 4557K, committed 4736K, reserved 1048576K
}
Event: 3.184 GC heap before
{Heap before GC invocations=11 (full 0):
 garbage-first heap   total 188416K, used 126808K [0x00000006ca000000, 0x0000000800000000)
  region size 4096K, 18 young (73728K), 1 survivors (4096K)
 Metaspace       used 35176K, committed 35456K, reserved 1081344K
  class space    used 4570K, committed 4736K, reserved 1048576K
}
Event: 3.189 GC heap after
{Heap after GC invocations=12 (full 0):
 garbage-first heap   total 376832K, used 62892K [0x00000006ca000000, 0x0000000800000000)
  region size 4096K, 2 young (8192K), 2 survivors (8192K)
 Metaspace       used 35176K, committed 35456K, reserved 1081344K
  class space    used 4570K, committed 4736K, reserved 1048576K
}
Event: 3.255 GC heap before
{Heap before GC invocations=12 (full 0):
 garbage-first heap   total 376832K, used 259500K [0x00000006ca000000, 0x0000000800000000)
  region size 4096K, 51 young (208896K), 2 survivors (8192K)
 Metaspace       used 35176K, committed 35456K, reserved 1081344K
  class space    used 4570K, committed 4736K, reserved 1048576K
}
Event: 3.263 GC heap after
{Heap after GC invocations=13 (full 0):
 garbage-first heap   total 376832K, used 71144K [0x00000006ca000000, 0x0000000800000000)
  region size 4096K, 4 young (16384K), 4 survivors (16384K)
 Metaspace       used 35176K, committed 35456K, reserved 1081344K
  class space    used 4570K, committed 4736K, reserved 1048576K
}
Event: 3.308 GC heap before
{Heap before GC invocations=13 (full 0):
 garbage-first heap   total 376832K, used 275944K [0x00000006ca000000, 0x0000000800000000)
  region size 4096K, 55 young (225280K), 4 survivors (16384K)
 Metaspace       used 35177K, committed 35456K, reserved 1081344K
  class space    used 4571K, committed 4736K, reserved 1048576K
}
Event: 3.320 GC heap after
{Heap after GC invocations=14 (full 0):
 garbage-first heap   total 376832K, used 79333K [0x00000006ca000000, 0x0000000800000000)
  region size 4096K, 6 young (24576K), 6 survivors (24576K)
 Metaspace       used 35177K, committed 35456K, reserved 1081344K
  class space    used 4571K, committed 4736K, reserved 1048576K
}
Event: 3.372 GC heap before
{Heap before GC invocations=14 (full 0):
 garbage-first heap   total 376832K, used 275941K [0x00000006ca000000, 0x0000000800000000)
  region size 4096K, 55 young (225280K), 6 survivors (24576K)
 Metaspace       used 35177K, committed 35456K, reserved 1081344K
  class space    used 4571K, committed 4736K, reserved 1048576K
}
Event: 3.388 GC heap after
{Heap after GC invocations=15 (full 0):
 garbage-first heap   total 376832K, used 88128K [0x00000006ca000000, 0x0000000800000000)
  region size 4096K, 5 young (20480K), 5 survivors (20480K)
 Metaspace       used 35177K, committed 35456K, reserved 1081344K
  class space    used 4571K, committed 4736K, reserved 1048576K
}
Event: 3.431 GC heap before
{Heap before GC invocations=15 (full 0):
 garbage-first heap   total 376832K, used 288832K [0x00000006ca000000, 0x0000000800000000)
  region size 4096K, 55 young (225280K), 5 survivors (20480K)
 Metaspace       used 35177K, committed 35456K, reserved 1081344K
  class space    used 4571K, committed 4736K, reserved 1048576K
}
Event: 3.445 GC heap after
{Heap after GC invocations=16 (full 0):
 garbage-first heap   total 872448K, used 96783K [0x00000006ca000000, 0x0000000800000000)
  region size 4096K, 5 young (20480K), 5 survivors (20480K)
 Metaspace       used 35177K, committed 35456K, reserved 1081344K
  class space    used 4571K, committed 4736K, reserved 1048576K
}
Event: 3.640 GC heap before
{Heap before GC invocations=16 (full 0):
 garbage-first heap   total 872448K, used 592399K [0x00000006ca000000, 0x0000000800000000)
  region size 4096K, 127 young (520192K), 5 survivors (20480K)
 Metaspace       used 35177K, committed 35456K, reserved 1081344K
  class space    used 4571K, committed 4736K, reserved 1048576K
}
Event: 3.660 GC heap after
{Heap after GC invocations=17 (full 0):
 garbage-first heap   total 872448K, used 122493K [0x00000006ca000000, 0x0000000800000000)
  region size 4096K, 11 young (45056K), 11 survivors (45056K)
 Metaspace       used 35177K, committed 35456K, reserved 1081344K
  class space    used 4571K, committed 4736K, reserved 1048576K
}
Event: 4.192 GC heap before
{Heap before GC invocations=17 (full 0):
 garbage-first heap   total 872448K, used 593533K [0x00000006ca000000, 0x0000000800000000)
  region size 4096K, 127 young (520192K), 11 survivors (45056K)
 Metaspace       used 35310K, committed 35584K, reserved 1081344K
  class space    used 4580K, committed 4736K, reserved 1048576K
}
Event: 4.217 GC heap after
{Heap after GC invocations=18 (full 0):
 garbage-first heap   total 872448K, used 146741K [0x00000006ca000000, 0x0000000800000000)
  region size 4096K, 13 young (53248K), 13 survivors (53248K)
 Metaspace       used 35310K, committed 35584K, reserved 1081344K
  class space    used 4580K, committed 4736K, reserved 1048576K
}
Event: 4.730 GC heap before
{Heap before GC invocations=18 (full 0):
 garbage-first heap   total 872448K, used 609589K [0x00000006ca000000, 0x0000000800000000)
  region size 4096K, 127 young (520192K), 13 survivors (53248K)
 Metaspace       used 35310K, committed 35584K, reserved 1081344K
  class space    used 4580K, committed 4736K, reserved 1048576K
}
Event: 4.758 GC heap after
{Heap after GC invocations=19 (full 0):
 garbage-first heap   total 872448K, used 170163K [0x00000006ca000000, 0x0000000800000000)
  region size 4096K, 12 young (49152K), 12 survivors (49152K)
 Metaspace       used 35310K, committed 35584K, reserved 1081344K
  class space    used 4580K, committed 4736K, reserved 1048576K
}
Event: 5.251 GC heap before
{Heap before GC invocations=19 (full 0):
 garbage-first heap   total 872448K, used 637107K [0x00000006ca000000, 0x0000000800000000)
  region size 4096K, 127 young (520192K), 12 survivors (49152K)
 Metaspace       used 35310K, committed 35584K, reserved 1081344K
  class space    used 4580K, committed 4736K, reserved 1048576K
}

