# JRE version: OpenJDK Runtime Environment Temurin-17.0.3+7 (17.0.3+7) (build 17.0.3+7)
# Java VM: OpenJDK 64-Bit Server VM Temurin-17.0.3+7 (17.0.3+7, mixed mode, emulated-client, tiered, compressed oops, compressed class ptrs, g1 gc, windows-amd64)
GC Precious Log:
 CPUs: 8 total, 8 available
 Memory: 19830M
 Large Page Support: Disabled
 NUMA Support: Disabled
 Compressed Oops: Enabled (Zero based)
 Heap Region Size: 4M
 Heap Min Capacity: 8M
 Heap Initial Capacity: 312M
 Heap Max Capacity: 4960M
 Pre-touch: Disabled
 Parallel Workers: 8
 Concurrent Workers: 2
 Concurrent Refinement Workers: 8
 Periodic GC: Disabled
Heap:
 garbage-first heap   total 376832K, used 95899K [0x00000006ca000000, 0x0000000800000000)
  region size 4096K, 5 young (20480K), 5 survivors (20480K)
 Metaspace       used 35235K, committed 35520K, reserved 1081344K
  class space    used 4580K, committed 4736K, reserved 1048576K
GC Heap History (20 events):
Event: 1.612 GC heap after
{Heap after GC invocations=6 (full 0):
 garbage-first heap   total 57344K, used 12973K [0x00000006ca000000, 0x0000000800000000)
  region size 4096K, 1 young (4096K), 1 survivors (4096K)
 Metaspace       used 26861K, committed 27072K, reserved 1073152K
  class space    used 3347K, committed 3456K, reserved 1048576K
}
Event: 1.877 GC heap before
{Heap before GC invocations=6 (full 0):
 garbage-first heap   total 57344K, used 33453K [0x00000006ca000000, 0x0000000800000000)
  region size 4096K, 6 young (24576K), 1 survivors (4096K)
 Metaspace       used 30088K, committed 30336K, reserved 1081344K
  class space    used 3792K, committed 3904K, reserved 1048576K
}
Event: 1.882 GC heap after
{Heap after GC invocations=7 (full 0):
 garbage-first heap   total 57344K, used 15022K [0x00000006ca000000, 0x0000000800000000)
  region size 4096K, 1 young (4096K), 1 survivors (4096K)
 Metaspace       used 30088K, committed 30336K, reserved 1081344K
  class space    used 3792K, committed 3904K, reserved 1048576K
}
Event: 2.073 GC heap before
{Heap before GC invocations=7 (full 0):
 garbage-first heap   total 57344K, used 35502K [0x00000006ca000000, 0x0000000800000000)
  region size 4096K, 6 young (24576K), 1 survivors (4096K)
 Metaspace       used 32704K, committed 32960K, reserved 1081344K
  class space    used 4148K, committed 4224K, reserved 1048576K
}
Event: 2.078 GC heap after
{Heap after GC invocations=8 (full 0):
 garbage-first heap   total 188416K, used 18124K [0x00000006ca000000, 0x0000000800000000)
  region size 4096K, 1 young (4096K), 1 survivors (4096K)
 Metaspace       used 32704K, committed 32960K, reserved 1081344K
  class space    used 4148K, committed 4224K, reserved 1048576K
}
Event: 2.314 GC heap before
{Heap before GC invocations=8 (full 0):
 garbage-first heap   total 188416K, used 124620K [0x00000006ca000000, 0x0000000800000000)
  region size 4096K, 27 young (110592K), 1 survivors (4096K)
 Metaspace       used 34220K, committed 34560K, reserved 1081344K
  class space    used 4374K, committed 4544K, reserved 1048576K
}
Event: 2.328 GC heap after
{Heap after GC invocations=9 (full 0):
 garbage-first heap   total 188416K, used 38990K [0x00000006ca000000, 0x0000000800000000)
  region size 4096K, 4 young (16384K), 4 survivors (16384K)
 Metaspace       used 34220K, committed 34560K, reserved 1081344K
  class space    used 4374K, committed 4544K, reserved 1048576K
}
Event: 2.650 GC heap before
{Heap before GC invocations=9 (full 0):
 garbage-first heap   total 188416K, used 108622K [0x00000006ca000000, 0x0000000800000000)
  region size 4096K, 22 young (90112K), 4 survivors (16384K)
 Metaspace       used 35124K, committed 35456K, reserved 1081344K
  class space    used 4567K, committed 4736K, reserved 1048576K
}
Event: 2.667 GC heap after
{Heap after GC invocations=10 (full 0):
 garbage-first heap   total 188416K, used 56591K [0x00000006ca000000, 0x0000000800000000)
  region size 4096K, 3 young (12288K), 3 survivors (12288K)
 Metaspace       used 35124K, committed 35456K, reserved 1081344K
  class space    used 4567K, committed 4736K, reserved 1048576K
}
Event: 2.685 GC heap before
{Heap before GC invocations=10 (full 0):
 garbage-first heap   total 188416K, used 118031K [0x00000006ca000000, 0x0000000800000000)
  region size 4096K, 19 young (77824K), 3 survivors (12288K)
 Metaspace       used 35131K, committed 35456K, reserved 1081344K
  class space    used 4567K, committed 4736K, reserved 1048576K
}
Event: 2.695 GC heap after
{Heap after GC invocations=11 (full 0):
 garbage-first heap   total 188416K, used 61440K [0x00000006ca000000, 0x0000000800000000)
  region size 4096K, 1 young (4096K), 1 survivors (4096K)
 Metaspace       used 35131K, committed 35456K, reserved 1081344K
  class space    used 4567K, committed 4736K, reserved 1048576K
}
Event: 2.709 GC heap before
{Heap before GC invocations=11 (full 0):
 garbage-first heap   total 188416K, used 131072K [0x00000006ca000000, 0x0000000800000000)
  region size 4096K, 18 young (73728K), 1 survivors (4096K)
 Metaspace       used 35146K, committed 35456K, reserved 1081344K
  class space    used 4570K, committed 4736K, reserved 1048576K
}
Event: 2.713 GC heap after
{Heap after GC invocations=12 (full 0):
 garbage-first heap   total 376832K, used 63244K [0x00000006ca000000, 0x0000000800000000)
  region size 4096K, 2 young (8192K), 2 survivors (8192K)
 Metaspace       used 35146K, committed 35456K, reserved 1081344K
  class space    used 4570K, committed 4736K, reserved 1048576K
}
Event: 2.774 GC heap before
{Heap before GC invocations=12 (full 0):
 garbage-first heap   total 376832K, used 263948K [0x00000006ca000000, 0x0000000800000000)
  region size 4096K, 52 young (212992K), 2 survivors (8192K)
 Metaspace       used 35235K, committed 35520K, reserved 1081344K
  class space    used 4580K, committed 4736K, reserved 1048576K
}
Event: 2.781 GC heap after
{Heap after GC invocations=13 (full 0):
 garbage-first heap   total 376832K, used 70986K [0x00000006ca000000, 0x0000000800000000)
  region size 4096K, 4 young (16384K), 4 survivors (16384K)
 Metaspace       used 35235K, committed 35520K, reserved 1081344K
  class space    used 4580K, committed 4736K, reserved 1048576K
}
Event: 2.822 GC heap before
{Heap before GC invocations=13 (full 0):
 garbage-first heap   total 376832K, used 275786K [0x00000006ca000000, 0x0000000800000000)
  region size 4096K, 55 young (225280K), 4 survivors (16384K)
 Metaspace       used 35235K, committed 35520K, reserved 1081344K
  class space    used 4580K, committed 4736K, reserved 1048576K
}
Event: 2.832 GC heap after
{Heap after GC invocations=14 (full 0):
 garbage-first heap   total 376832K, used 79771K [0x00000006ca000000, 0x0000000800000000)
  region size 4096K, 6 young (24576K), 6 survivors (24576K)
 Metaspace       used 35235K, committed 35520K, reserved 1081344K
  class space    used 4580K, committed 4736K, reserved 1048576K
}
Event: 2.869 GC heap before
{Heap before GC invocations=14 (full 0):
 garbage-first heap   total 376832K, used 276379K [0x00000006ca000000, 0x0000000800000000)
  region size 4096K, 56 young (229376K), 6 survivors (24576K)
 Metaspace       used 35235K, committed 35520K, reserved 1081344K
  class space    used 4580K, committed 4736K, reserved 1048576K
}
Event: 2.884 GC heap after
{Heap after GC invocations=15 (full 0):
 garbage-first heap   total 376832K, used 88515K [0x00000006ca000000, 0x0000000800000000)
  region size 4096K, 5 young (20480K), 5 survivors (20480K)
 Metaspace       used 35235K, committed 35520K, reserved 1081344K
  class space    used 4580K, committed 4736K, reserved 1048576K
}
Event: 2.923 GC heap before
{Heap before GC invocations=15 (full 0):
 garbage-first heap   total 376832K, used 289219K [0x00000006ca000000, 0x0000000800000000)
  region size 4096K, 55 young (225280K), 5 survivors (20480K)
 Metaspace       used 35235K, committed 35520K, reserved 1081344K
  class space    used 4580K, committed 4736K, reserved 1048576K
}

