# JRE version: OpenJDK Runtime Environment Temurin-17.0.3+7 (17.0.3+7) (build 17.0.3+7)
# Java VM: OpenJDK 64-Bit Server VM Temurin-17.0.3+7 (17.0.3+7, mixed mode, emulated-client, tiered, compressed oops, compressed class ptrs, g1 gc, windows-amd64)
GC Precious Log:
 CPUs: 8 total, 8 available
 Memory: 19830M
 Large Page Support: Disabled
 NUMA Support: Disabled
 Compressed Oops: Enabled (Zero based)
 Heap Region Size: 4M
 Heap Min Capacity: 8M
 Heap Initial Capacity: 312M
 Heap Max Capacity: 4960M
 Pre-touch: Disabled
 Parallel Workers: 8
 Concurrent Workers: 2
 Concurrent Refinement Workers: 8
 Periodic GC: Disabled
Heap:
 garbage-first heap   total 872448K, used 197163K [0x00000006ca000000, 0x0000000800000000)
  region size 4096K, 12 young (49152K), 12 survivors (49152K)
 Metaspace       used 35314K, committed 35584K, reserved 1081344K
  class space    used 4585K, committed 4736K, reserved 1048576K
GC Heap History (20 events):
Event: 4.064 GC heap after
{Heap after GC invocations=10 (full 0):
 garbage-first heap   total 188416K, used 56986K [0x00000006ca000000, 0x0000000800000000)
  region size 4096K, 3 young (12288K), 3 survivors (12288K)
 Metaspace       used 35070K, committed 35392K, reserved 1081344K
  class space    used 4563K, committed 4736K, reserved 1048576K
}
Event: 4.082 GC heap before
{Heap before GC invocations=10 (full 0):
 garbage-first heap   total 188416K, used 118426K [0x00000006ca000000, 0x0000000800000000)
  region size 4096K, 19 young (77824K), 3 survivors (12288K)
 Metaspace       used 35077K, committed 35392K, reserved 1081344K
  class space    used 4563K, committed 4736K, reserved 1048576K
}
Event: 4.092 GC heap after
{Heap after GC invocations=11 (full 0):
 garbage-first heap   total 188416K, used 63158K [0x00000006ca000000, 0x0000000800000000)
  region size 4096K, 1 young (4096K), 1 survivors (4096K)
 Metaspace       used 35077K, committed 35392K, reserved 1081344K
  class space    used 4563K, committed 4736K, reserved 1048576K
}
Event: 4.111 GC heap before
{Heap before GC invocations=11 (full 0):
 garbage-first heap   total 188416K, used 124598K [0x00000006ca000000, 0x0000000800000000)
  region size 4096K, 17 young (69632K), 1 survivors (4096K)
 Metaspace       used 35135K, committed 35456K, reserved 1081344K
  class space    used 4571K, committed 4736K, reserved 1048576K
}
Event: 4.115 GC heap after
{Heap after GC invocations=12 (full 0):
 garbage-first heap   total 376832K, used 64623K [0x00000006ca000000, 0x0000000800000000)
  region size 4096K, 2 young (8192K), 2 survivors (8192K)
 Metaspace       used 35135K, committed 35456K, reserved 1081344K
  class space    used 4571K, committed 4736K, reserved 1048576K
}
Event: 4.191 GC heap before
{Heap before GC invocations=12 (full 0):
 garbage-first heap   total 376832K, used 257135K [0x00000006ca000000, 0x0000000800000000)
  region size 4096K, 50 young (204800K), 2 survivors (8192K)
 Metaspace       used 35181K, committed 35456K, reserved 1081344K
  class space    used 4576K, committed 4736K, reserved 1048576K
}
Event: 4.198 GC heap after
{Heap after GC invocations=13 (full 0):
 garbage-first heap   total 376832K, used 72245K [0x00000006ca000000, 0x0000000800000000)
  region size 4096K, 4 young (16384K), 4 survivors (16384K)
 Metaspace       used 35181K, committed 35456K, reserved 1081344K
  class space    used 4576K, committed 4736K, reserved 1048576K
}
Event: 4.242 GC heap before
{Heap before GC invocations=13 (full 0):
 garbage-first heap   total 376832K, used 272949K [0x00000006ca000000, 0x0000000800000000)
  region size 4096K, 54 young (221184K), 4 survivors (16384K)
 Metaspace       used 35181K, committed 35456K, reserved 1081344K
  class space    used 4576K, committed 4736K, reserved 1048576K
}
Event: 4.252 GC heap after
{Heap after GC invocations=14 (full 0):
 garbage-first heap   total 376832K, used 80608K [0x00000006ca000000, 0x0000000800000000)
  region size 4096K, 6 young (24576K), 6 survivors (24576K)
 Metaspace       used 35181K, committed 35456K, reserved 1081344K
  class space    used 4576K, committed 4736K, reserved 1048576K
}
Event: 4.295 GC heap before
{Heap before GC invocations=14 (full 0):
 garbage-first heap   total 376832K, used 277216K [0x00000006ca000000, 0x0000000800000000)
  region size 4096K, 56 young (229376K), 6 survivors (24576K)
 Metaspace       used 35181K, committed 35456K, reserved 1081344K
  class space    used 4576K, committed 4736K, reserved 1048576K
}
Event: 4.311 GC heap after
{Heap after GC invocations=15 (full 0):
 garbage-first heap   total 376832K, used 89211K [0x00000006ca000000, 0x0000000800000000)
  region size 4096K, 5 young (20480K), 5 survivors (20480K)
 Metaspace       used 35181K, committed 35456K, reserved 1081344K
  class space    used 4576K, committed 4736K, reserved 1048576K
}
Event: 4.364 GC heap before
{Heap before GC invocations=15 (full 0):
 garbage-first heap   total 376832K, used 289915K [0x00000006ca000000, 0x0000000800000000)
  region size 4096K, 55 young (225280K), 5 survivors (20480K)
 Metaspace       used 35181K, committed 35456K, reserved 1081344K
  class space    used 4576K, committed 4736K, reserved 1048576K
}
Event: 4.378 GC heap after
{Heap after GC invocations=16 (full 0):
 garbage-first heap   total 872448K, used 97454K [0x00000006ca000000, 0x0000000800000000)
  region size 4096K, 5 young (20480K), 5 survivors (20480K)
 Metaspace       used 35181K, committed 35456K, reserved 1081344K
  class space    used 4576K, committed 4736K, reserved 1048576K
}
Event: 4.533 GC heap before
{Heap before GC invocations=16 (full 0):
 garbage-first heap   total 872448K, used 593070K [0x00000006ca000000, 0x0000000800000000)
  region size 4096K, 127 young (520192K), 5 survivors (20480K)
 Metaspace       used 35181K, committed 35456K, reserved 1081344K
  class space    used 4576K, committed 4736K, reserved 1048576K
}
Event: 4.550 GC heap after
{Heap after GC invocations=17 (full 0):
 garbage-first heap   total 872448K, used 123957K [0x00000006ca000000, 0x0000000800000000)
  region size 4096K, 11 young (45056K), 11 survivors (45056K)
 Metaspace       used 35181K, committed 35456K, reserved 1081344K
  class space    used 4576K, committed 4736K, reserved 1048576K
}
Event: 5.103 GC heap before
{Heap before GC invocations=17 (full 0):
 garbage-first heap   total 872448K, used 594997K [0x00000006ca000000, 0x0000000800000000)
  region size 4096K, 127 young (520192K), 11 survivors (45056K)
 Metaspace       used 35314K, committed 35584K, reserved 1081344K
  class space    used 4585K, committed 4736K, reserved 1048576K
}
Event: 5.128 GC heap after
{Heap after GC invocations=18 (full 0):
 garbage-first heap   total 872448K, used 147344K [0x00000006ca000000, 0x0000000800000000)
  region size 4096K, 13 young (53248K), 13 survivors (53248K)
 Metaspace       used 35314K, committed 35584K, reserved 1081344K
  class space    used 4585K, committed 4736K, reserved 1048576K
}
Event: 5.656 GC heap before
{Heap before GC invocations=18 (full 0):
 garbage-first heap   total 872448K, used 610192K [0x00000006ca000000, 0x0000000800000000)
  region size 4096K, 127 young (520192K), 13 survivors (53248K)
 Metaspace       used 35314K, committed 35584K, reserved 1081344K
  class space    used 4585K, committed 4736K, reserved 1048576K
}
Event: 5.687 GC heap after
{Heap after GC invocations=19 (full 0):
 garbage-first heap   total 872448K, used 170976K [0x00000006ca000000, 0x0000000800000000)
  region size 4096K, 12 young (49152K), 12 survivors (49152K)
 Metaspace       used 35314K, committed 35584K, reserved 1081344K
  class space    used 4585K, committed 4736K, reserved 1048576K
}
Event: 6.184 GC heap before
{Heap before GC invocations=19 (full 0):
 garbage-first heap   total 872448K, used 637920K [0x00000006ca000000, 0x0000000800000000)
  region size 4096K, 127 young (520192K), 12 survivors (49152K)
 Metaspace       used 35314K, committed 35584K, reserved 1081344K
  class space    used 4585K, committed 4736K, reserved 1048576K
}

