# JRE version: OpenJDK Runtime Environment Temurin-17.0.3+7 (17.0.3+7) (build 17.0.3+7)
# Java VM: OpenJDK 64-Bit Server VM Temurin-17.0.3+7 (17.0.3+7, mixed mode, emulated-client, tiered, compressed oops, compressed class ptrs, g1 gc, windows-amd64)
GC Precious Log:
 CPUs: 8 total, 8 available
 Memory: 19830M
 Large Page Support: Disabled
 NUMA Support: Disabled
 Compressed Oops: Enabled (Zero based)
 Heap Region Size: 4M
 Heap Min Capacity: 8M
 Heap Initial Capacity: 312M
 Heap Max Capacity: 4960M
 Pre-touch: Disabled
 Parallel Workers: 8
 Concurrent Workers: 2
 Concurrent Refinement Workers: 8
 Periodic GC: Disabled
Heap:
 garbage-first heap   total 376832K, used 93383K [0x00000006ca000000, 0x0000000800000000)
  region size 4096K, 5 young (20480K), 5 survivors (20480K)
 Metaspace       used 35173K, committed 35456K, reserved 1081344K
  class space    used 4568K, committed 4736K, reserved 1048576K
GC Heap History (20 events):
Event: 1.804 GC heap after
{Heap after GC invocations=5 (full 0):
 garbage-first heap   total 57344K, used 12644K [0x00000006ca000000, 0x0000000800000000)
  region size 4096K, 2 young (8192K), 2 survivors (8192K)
 Metaspace       used 25678K, committed 25920K, reserved 1073152K
  class space    used 3152K, committed 3264K, reserved 1048576K
}
Event: 1.871 GC heap before
{Heap before GC invocations=5 (full 0):
 garbage-first heap   total 57344K, used 16740K [0x00000006ca000000, 0x0000000800000000)
  region size 4096K, 3 young (12288K), 2 survivors (8192K)
 Metaspace       used 26511K, committed 26752K, reserved 1073152K
  class space    used 3296K, committed 3392K, reserved 1048576K
}
Event: 1.876 GC heap after
{Heap after GC invocations=6 (full 0):
 garbage-first heap   total 57344K, used 12760K [0x00000006ca000000, 0x0000000800000000)
  region size 4096K, 1 young (4096K), 1 survivors (4096K)
 Metaspace       used 26511K, committed 26752K, reserved 1073152K
  class space    used 3296K, committed 3392K, reserved 1048576K
}
Event: 2.131 GC heap before
{Heap before GC invocations=6 (full 0):
 garbage-first heap   total 57344K, used 29144K [0x00000006ca000000, 0x0000000800000000)
  region size 4096K, 6 young (24576K), 1 survivors (4096K)
 Metaspace       used 29702K, committed 29952K, reserved 1081344K
  class space    used 3728K, committed 3840K, reserved 1048576K
}
Event: 2.137 GC heap after
{Heap after GC invocations=7 (full 0):
 garbage-first heap   total 188416K, used 14906K [0x00000006ca000000, 0x0000000800000000)
  region size 4096K, 1 young (4096K), 1 survivors (4096K)
 Metaspace       used 29702K, committed 29952K, reserved 1081344K
  class space    used 3728K, committed 3840K, reserved 1048576K
}
Event: 2.583 GC heap before
{Heap before GC invocations=7 (full 0):
 garbage-first heap   total 188416K, used 121402K [0x00000006ca000000, 0x0000000800000000)
  region size 4096K, 27 young (110592K), 1 survivors (4096K)
 Metaspace       used 33816K, committed 34048K, reserved 1081344K
  class space    used 4308K, committed 4416K, reserved 1048576K
}
Event: 2.595 GC heap after
{Heap after GC invocations=8 (full 0):
 garbage-first heap   total 188416K, used 32121K [0x00000006ca000000, 0x0000000800000000)
  region size 4096K, 4 young (16384K), 4 survivors (16384K)
 Metaspace       used 33816K, committed 34048K, reserved 1081344K
  class space    used 4308K, committed 4416K, reserved 1048576K
}
Event: 2.924 GC heap before
{Heap before GC invocations=8 (full 0):
 garbage-first heap   total 188416K, used 109945K [0x00000006ca000000, 0x0000000800000000)
  region size 4096K, 23 young (94208K), 4 survivors (16384K)
 Metaspace       used 34972K, committed 35328K, reserved 1081344K
  class space    used 4545K, committed 4736K, reserved 1048576K
}
Event: 2.941 GC heap after
{Heap after GC invocations=9 (full 0):
 garbage-first heap   total 188416K, used 52926K [0x00000006ca000000, 0x0000000800000000)
  region size 4096K, 3 young (12288K), 3 survivors (12288K)
 Metaspace       used 34972K, committed 35328K, reserved 1081344K
  class space    used 4545K, committed 4736K, reserved 1048576K
}
Event: 2.973 GC heap before
{Heap before GC invocations=9 (full 0):
 garbage-first heap   total 188416K, used 114366K [0x00000006ca000000, 0x0000000800000000)
  region size 4096K, 19 young (77824K), 3 survivors (12288K)
 Metaspace       used 35070K, committed 35392K, reserved 1081344K
  class space    used 4555K, committed 4736K, reserved 1048576K
}
Event: 2.988 GC heap after
{Heap after GC invocations=10 (full 0):
 garbage-first heap   total 188416K, used 61142K [0x00000006ca000000, 0x0000000800000000)
  region size 4096K, 2 young (8192K), 2 survivors (8192K)
 Metaspace       used 35070K, committed 35392K, reserved 1081344K
  class space    used 4555K, committed 4736K, reserved 1048576K
}
Event: 3.005 GC heap before
{Heap before GC invocations=10 (full 0):
 garbage-first heap   total 188416K, used 118486K [0x00000006ca000000, 0x0000000800000000)
  region size 4096K, 17 young (69632K), 2 survivors (8192K)
 Metaspace       used 35077K, committed 35392K, reserved 1081344K
  class space    used 4555K, committed 4736K, reserved 1048576K
}
Event: 3.019 GC heap after
{Heap after GC invocations=11 (full 0):
 garbage-first heap   total 376832K, used 62700K [0x00000006ca000000, 0x0000000800000000)
  region size 4096K, 2 young (8192K), 2 survivors (8192K)
 Metaspace       used 35077K, committed 35392K, reserved 1081344K
  class space    used 4555K, committed 4736K, reserved 1048576K
}
Event: 3.076 GC heap before
{Heap before GC invocations=11 (full 0):
 garbage-first heap   total 376832K, used 222444K [0x00000006ca000000, 0x0000000800000000)
  region size 4096K, 42 young (172032K), 2 survivors (8192K)
 Metaspace       used 35173K, committed 35456K, reserved 1081344K
  class space    used 4568K, committed 4736K, reserved 1048576K
}
Event: 3.087 GC heap after
{Heap after GC invocations=12 (full 0):
 garbage-first heap   total 376832K, used 69192K [0x00000006ca000000, 0x0000000800000000)
  region size 4096K, 4 young (16384K), 4 survivors (16384K)
 Metaspace       used 35173K, committed 35456K, reserved 1081344K
  class space    used 4568K, committed 4736K, reserved 1048576K
}
Event: 3.124 GC heap before
{Heap before GC invocations=12 (full 0):
 garbage-first heap   total 376832K, used 261704K [0x00000006ca000000, 0x0000000800000000)
  region size 4096K, 52 young (212992K), 4 survivors (16384K)
 Metaspace       used 35173K, committed 35456K, reserved 1081344K
  class space    used 4568K, committed 4736K, reserved 1048576K
}
Event: 3.135 GC heap after
{Heap after GC invocations=13 (full 0):
 garbage-first heap   total 376832K, used 76673K [0x00000006ca000000, 0x0000000800000000)
  region size 4096K, 6 young (24576K), 6 survivors (24576K)
 Metaspace       used 35173K, committed 35456K, reserved 1081344K
  class space    used 4568K, committed 4736K, reserved 1048576K
}
Event: 3.171 GC heap before
{Heap before GC invocations=13 (full 0):
 garbage-first heap   total 376832K, used 269185K [0x00000006ca000000, 0x0000000800000000)
  region size 4096K, 54 young (221184K), 6 survivors (24576K)
 Metaspace       used 35173K, committed 35456K, reserved 1081344K
  class space    used 4568K, committed 4736K, reserved 1048576K
}
Event: 3.185 GC heap after
{Heap after GC invocations=14 (full 0):
 garbage-first heap   total 376832K, used 85751K [0x00000006ca000000, 0x0000000800000000)
  region size 4096K, 6 young (24576K), 6 survivors (24576K)
 Metaspace       used 35173K, committed 35456K, reserved 1081344K
  class space    used 4568K, committed 4736K, reserved 1048576K
}
Event: 3.220 GC heap before
{Heap before GC invocations=14 (full 0):
 garbage-first heap   total 376832K, used 278263K [0x00000006ca000000, 0x0000000800000000)
  region size 4096K, 54 young (221184K), 6 survivors (24576K)
 Metaspace       used 35173K, committed 35456K, reserved 1081344K
  class space    used 4568K, committed 4736K, reserved 1048576K
}

